<?xml version="1.0" encoding="utf-8"?><testsuites name="pytest tests"><testsuite name="pytest" errors="0" failures="0" skipped="4" tests="22" time="2.543" timestamp="2026-09-06T14:42:50.946267+00:00" hostname="agent-env-aed939d6-91b3-42a9-9dda-881d363a948d"><testcase classname="tests.test_iteration28_restore_verify.TestAuth" name="test_health_ok" time="0.171" /><testcase classname="tests.test_iteration28_restore_verify.TestSalesInvoicesReceipts" name="test_create_sale_mixed" time="0.468" /><testcase classname="tests.test_iteration28_restore_verify.TestAuth" name="test_admin_login" time="0.393" /><testcase classname="tests.test_iteration28_restore_verify.TestSalesInvoicesReceipts" name="test_sale_appears_in_list" time="0.119" /><testcase classname="tests.test_iteration28_restore_verify.TestSalesInvoicesReceipts" name="test_create_invoice" time="0.181"><skipped type="pytest.skip" message="Invoice PDF storage unavailable (known non-blocker): 500 Internal Server Error">/app/backend/tests/test_iteration28_restore_verify.py:166: Invoice PDF storage unavailable (known non-blocker): 500 Internal Server Error</skipped></testcase><testcase classname="tests.test_iteration28_restore_verify.TestAuth" name="test_employee_login" time="0.314" /><testcase classname="tests.test_iteration28_restore_verify.TestSalesInvoicesReceipts" name="test_invoice_get" time="0.000"><skipped type="pytest.skip" message="invoice not created">/app/backend/tests/test_iteration28_restore_verify.py:179: invoice not created</skipped></testcase><testcase classname="tests.test_iteration28_restore_verify.TestSalesInvoicesReceipts" name="test_create_money_receipt" time="0.120"><skipped type="pytest.skip" message="Receipt PDF storage unavailable (known non-blocker): 500 Internal Server Error">/app/backend/tests/test_iteration28_restore_verify.py:201: Receipt PDF storage unavailable (known non-blocker): 500 Internal Server Error</skipped></testcase><testcase classname="tests.test_iteration28_restore_verify.TestAuth" name="test_bad_password_rejected" time="0.172" /><testcase classname="tests.test_iteration28_restore_verify.TestSalesInvoicesReceipts" name="test_receipt_appears_in_list" time="0.000"><skipped type="pytest.skip" message="receipt not created">/app/backend/tests/test_iteration28_restore_verify.py:212: receipt not created</skipped></testcase><testcase classname="tests.test_iteration28_restore_verify.TestCollections" name="test_create_collection" time="0.204" /><testcase classname="tests.test_iteration28_restore_verify.TestCustomers" name="test_emp_scope_mine_returns_list" time="0.124" /><testcase classname="tests.test_iteration28_restore_verify.TestCollections" name="test_list_collections" time="0.110" /><testcase classname="tests.test_iteration28_restore_verify.TestCustomers" name="test_create_customer_as_emp" time="0.171" /><testcase classname="tests.test_iteration28_restore_verify.TestCustomers" name="test_patch_status_interested" time="0.151" /><testcase classname="tests.test_iteration28_restore_verify.TestCollections" name="test_collections_summary" time="0.371" /><testcase classname="tests.test_iteration28_restore_verify.TestCustomers" name="test_customer_appears_in_scope" time="0.150" /><testcase classname="tests.test_iteration28_restore_verify.TestDaybook" name="test_daybook_loads_admin" time="0.140" /><testcase classname="tests.test_iteration28_restore_verify.TestExcelExports" name="test_daybook_export_token_and_xlsx" time="0.270" /><testcase classname="tests.test_iteration28_restore_verify.TestDaybook" name="test_daybook_forbidden_for_random_emp" time="0.119" /><testcase classname="tests.test_iteration28_restore_verify" name="test_zz_cleanup" time="0.259" /><testcase classname="tests.test_iteration28_restore_verify.TestExcelExports" name="test_admin_backup_xlsx" time="0.292" /></testsuite></testsuites>