<?xml version="1.0" encoding="utf-8"?><testsuites name="pytest tests"><testsuite name="pytest" errors="0" failures="0" skipped="0" tests="12" time="2.632" timestamp="2026-09-06T15:22:13.220038+00:00" hostname="agent-env-aed939d6-91b3-42a9-9dda-881d363a948d"><testcase classname="tests.test_iteration29_profit_reports.TestProfitMonthly" name="test_profit_monthly_admin" time="0.333" /><testcase classname="tests.test_iteration29_profit_reports.TestInvoiceCost" name="test_create_invoice_persists_cost_total_and_profit" time="0.757" /><testcase classname="tests.test_iteration29_profit_reports.TestProfitMonthly" name="test_profit_monthly_larger_window" time="0.154" /><testcase classname="tests.test_iteration29_profit_reports.TestProfitMonthly" name="test_profit_monthly_forbidden_for_employee" time="0.465" /><testcase classname="tests.test_iteration29_profit_reports.TestInvoiceCost" name="test_put_invoice_recomputes_cost_total" time="0.294" /><testcase classname="tests.test_iteration29_profit_reports.TestPnLCombined" name="test_pnl_admin_returns_combined" time="0.124" /><testcase classname="tests.test_iteration29_profit_reports.TestInvoiceCost" name="test_create_invoice_without_cost_defaults_to_zero" time="0.356" /><testcase classname="tests.test_iteration29_profit_reports.TestPnLCombined" name="test_pnl_forbidden_for_employee" time="0.117" /><testcase classname="tests.test_iteration29_profit_reports.TestProfitDaily" name="test_profit_daily_admin" time="0.128" /><testcase classname="tests.test_iteration29_profit_reports.TestProfitDaily" name="test_profit_daily_forbidden_for_employee" time="0.122" /><testcase classname="tests.test_iteration29_profit_reports.TestInvoiceCost" name="test_negative_cost_rejected" time="0.136" /><testcase classname="tests.test_iteration29_profit_reports.TestPnLXlsx" name="test_pnl_xlsx_valid_and_has_invoices_column" time="0.729" /></testsuite></testsuites>